<?xml version="1.0" encoding="UTF-8"?>
<testsuite name="com.springboot.aws.test.HelloControllerTest" tests="2" skipped="0" failures="0" errors="0" timestamp="2020-07-08T06:16:40" hostname="JY-20190321ZHKA" time="0.217">
  <properties/>
  <testcase name="hello가_리턴된다" classname="com.springboot.aws.test.HelloControllerTest" time="0.101"/>
  <testcase name="helloDto가_리턴된다" classname="com.springboot.aws.test.HelloControllerTest" time="0.115"/>
  <system-out><![CDATA[2020-07-08 15:16:38.989  INFO 11072 --- [    Test worker] .b.t.a.w.s.WebMvcTestContextBootstrapper : Neither @ContextConfiguration nor @ContextHierarchy found for test class [com.springboot.aws.test.HelloControllerTest], using SpringBootContextLoader
2020-07-08 15:16:38.990  INFO 11072 --- [    Test worker] o.s.t.c.support.AbstractContextLoader    : Could not detect default resource locations for test class [com.springboot.aws.test.HelloControllerTest]: no resource found for suffixes {-context.xml, Context.groovy}.
2020-07-08 15:16:38.990  INFO 11072 --- [    Test worker] t.c.s.AnnotationConfigContextLoaderUtils : Could not detect default configuration classes for test class [com.springboot.aws.test.HelloControllerTest]: HelloControllerTest does not declare any static, non-private, non-final, nested classes annotated with @Configuration.
2020-07-08 15:16:39.016  INFO 11072 --- [    Test worker] .b.t.c.SpringBootTestContextBootstrapper : Found @SpringBootConfiguration com.springboot.aws.test.Application for test class com.springboot.aws.test.HelloControllerTest
2020-07-08 15:16:39.016  INFO 11072 --- [    Test worker] .b.t.a.w.s.WebMvcTestContextBootstrapper : Loaded default TestExecutionListener class names from location [META-INF/spring.factories]: [org.springframework.security.test.context.support.WithSecurityContextTestExecutionListener, org.springframework.security.test.context.support.ReactorContextTestExecutionListener, org.springframework.boot.test.autoconfigure.restdocs.RestDocsTestExecutionListener, org.springframework.boot.test.autoconfigure.web.client.MockRestServiceServerResetTestExecutionListener, org.springframework.boot.test.autoconfigure.web.servlet.MockMvcPrintOnlyOnFailureTestExecutionListener, org.springframework.boot.test.autoconfigure.web.servlet.WebDriverTestExecutionListener, org.springframework.boot.test.mock.mockito.MockitoTestExecutionListener, org.springframework.boot.test.mock.mockito.ResetMocksTestExecutionListener, org.springframework.test.context.web.ServletTestExecutionListener, org.springframework.test.context.support.DirtiesContextBeforeModesTestExecutionListener, org.springframework.test.context.support.DependencyInjectionTestExecutionListener, org.springframework.test.context.support.DirtiesContextTestExecutionListener, org.springframework.test.context.transaction.TransactionalTestExecutionListener, org.springframework.test.context.jdbc.SqlScriptsTestExecutionListener]
2020-07-08 15:16:39.027  INFO 11072 --- [    Test worker] .b.t.a.w.s.WebMvcTestContextBootstrapper : Using TestExecutionListeners: [org.springframework.test.context.web.ServletTestExecutionListener@5a213a23, org.springframework.test.context.support.DirtiesContextBeforeModesTestExecutionListener@2d131c62, org.springframework.boot.test.mock.mockito.MockitoTestExecutionListener@70955035, org.springframework.boot.test.autoconfigure.SpringBootDependencyInjectionTestExecutionListener@129e5488, org.springframework.test.context.support.DirtiesContextTestExecutionListener@41bd84da, org.springframework.test.context.transaction.TransactionalTestExecutionListener@74786083, org.springframework.test.context.jdbc.SqlScriptsTestExecutionListener@2e3692c1, org.springframework.security.test.context.support.WithSecurityContextTestExecutionListener@4eeca99b, org.springframework.security.test.context.support.ReactorContextTestExecutionListener@635a6fc8, org.springframework.boot.test.autoconfigure.restdocs.RestDocsTestExecutionListener@54116758, org.springframework.boot.test.autoconfigure.web.client.MockRestServiceServerResetTestExecutionListener@4eab5781, org.springframework.boot.test.autoconfigure.web.servlet.MockMvcPrintOnlyOnFailureTestExecutionListener@65208fbe, org.springframework.boot.test.autoconfigure.web.servlet.WebDriverTestExecutionListener@55b488fd, org.springframework.boot.test.mock.mockito.ResetMocksTestExecutionListener@a401eb4]

  .   ____          _            __ _ _
 /\\ / ___'_ __ _ _(_)_ __  __ _ \ \ \ \
( ( )\___ | '_ | '_| | '_ \/ _` | \ \ \ \
 \\/  ___)| |_)| | | | | || (_| |  ) ) ) )
  '  |____| .__|_| |_|_| |_\__, | / / / /
 =========|_|==============|___/=/_/_/_/
 :: Spring Boot ::        (v2.1.7.RELEASE)

2020-07-08 15:16:39.082  INFO 11072 --- [    Test worker] c.s.aws.test.HelloControllerTest         : Starting HelloControllerTest on JY-20190321ZHKA with PID 11072 (started by Administrator in C:\Users\Administrator\IdeaProjects\test1)
2020-07-08 15:16:39.086  INFO 11072 --- [    Test worker] c.s.aws.test.HelloControllerTest         : No active profile set, falling back to default profiles: default
2020-07-08 15:16:39.588  INFO 11072 --- [    Test worker] o.s.s.concurrent.ThreadPoolTaskExecutor  : Initializing ExecutorService 'applicationTaskExecutor'
2020-07-08 15:16:39.622  INFO 11072 --- [    Test worker] o.s.b.a.w.s.WelcomePageHandlerMapping    : Adding welcome page template: index
2020-07-08 15:16:39.879  INFO 11072 --- [    Test worker] .s.s.UserDetailsServiceAutoConfiguration : 

Using generated security password: aad9ab65-16fb-4f56-bff3-60db7859ad7f

2020-07-08 15:16:40.040  INFO 11072 --- [    Test worker] o.s.s.web.DefaultSecurityFilterChain     : Creating filter chain: any request, [org.springframework.security.web.context.request.async.WebAsyncManagerIntegrationFilter@605332d6, org.springframework.security.web.context.SecurityContextPersistenceFilter@2d89aba1, org.springframework.security.web.header.HeaderWriterFilter@150c7b36, org.springframework.security.web.csrf.CsrfFilter@96cbf14, org.springframework.security.web.authentication.logout.LogoutFilter@64bbbebd, org.springframework.security.web.authentication.UsernamePasswordAuthenticationFilter@2d06ba05, org.springframework.security.web.authentication.ui.DefaultLoginPageGeneratingFilter@6af7c62c, org.springframework.security.web.authentication.ui.DefaultLogoutPageGeneratingFilter@372db0f4, org.springframework.security.web.authentication.www.BasicAuthenticationFilter@659b14a2, org.springframework.security.web.savedrequest.RequestCacheAwareFilter@426aa48b, org.springframework.security.web.servletapi.SecurityContextHolderAwareRequestFilter@3449b23b, org.springframework.security.web.authentication.AnonymousAuthenticationFilter@a2e9cb7, org.springframework.security.web.session.SessionManagementFilter@7974e29c, org.springframework.security.web.access.ExceptionTranslationFilter@2cf87e8d, org.springframework.security.web.access.intercept.FilterSecurityInterceptor@53c44e0f]
2020-07-08 15:16:40.085  INFO 11072 --- [    Test worker] o.s.b.t.m.w.SpringBootMockServletContext : Initializing Spring TestDispatcherServlet ''
2020-07-08 15:16:40.085  INFO 11072 --- [    Test worker] o.s.t.web.servlet.TestDispatcherServlet  : Initializing Servlet ''
2020-07-08 15:16:40.105  INFO 11072 --- [    Test worker] o.s.t.web.servlet.TestDispatcherServlet  : Completed initialization in 20 ms
2020-07-08 15:16:40.143  INFO 11072 --- [    Test worker] c.s.aws.test.HelloControllerTest         : Started HelloControllerTest in 1.109 seconds (JVM running for 12.771)
]]></system-out>
  <system-err><![CDATA[]]></system-err>
</testsuite>
