<?xml version="1.0" encoding="UTF-8"?>
<testsuite name="com.springboot.aws.test.dto.HelloResponseDtoTest" tests="1" skipped="0" failures="0" errors="0" timestamp="2020-07-06T07:46:52" hostname="JY-20190321ZHKA" time="0.004">
  <properties/>
  <testcase name="롬복_기능_테스트" classname="com.springboot.aws.test.dto.HelloResponseDtoTest" time="0.004"/>
  <system-out><![CDATA[]]></system-out>
  <system-err><![CDATA[]]></system-err>
</testsuite>
