<?xml version="1.0" encoding="UTF-8"?>
<testsuite name="com.springboot.aws.test.domain.posts.PostsRepositoryTest" tests="2" skipped="0" failures="0" errors="0" timestamp="2020-07-08T06:16:38" hostname="JY-20190321ZHKA" time="0.435">
  <properties/>
  <testcase name="게시글저장_불러오기" classname="com.springboot.aws.test.domain.posts.PostsRepositoryTest" time="0.408"/>
  <testcase name="BaseTimeEntity_등록" classname="com.springboot.aws.test.domain.posts.PostsRepositoryTest" time="0.027"/>
  <system-out><![CDATA[15:16:28.283 [Test worker] DEBUG org.springframework.test.context.junit4.SpringJUnit4ClassRunner - SpringJUnit4ClassRunner constructor called with [class com.springboot.aws.test.domain.posts.PostsRepositoryTest]
15:16:28.295 [Test worker] DEBUG org.springframework.test.context.BootstrapUtils - Instantiating CacheAwareContextLoaderDelegate from class [org.springframework.test.context.cache.DefaultCacheAwareContextLoaderDelegate]
15:16:28.319 [Test worker] DEBUG org.springframework.test.context.BootstrapUtils - Instantiating BootstrapContext using constructor [public org.springframework.test.context.support.DefaultBootstrapContext(java.lang.Class,org.springframework.test.context.CacheAwareContextLoaderDelegate)]
15:16:28.341 [Test worker] DEBUG org.springframework.test.context.BootstrapUtils - Instantiating TestContextBootstrapper for test class [com.springboot.aws.test.domain.posts.PostsRepositoryTest] from class [org.springframework.boot.test.context.SpringBootTestContextBootstrapper]
15:16:28.357 [Test worker] INFO org.springframework.boot.test.context.SpringBootTestContextBootstrapper - Neither @ContextConfiguration nor @ContextHierarchy found for test class [com.springboot.aws.test.domain.posts.PostsRepositoryTest], using SpringBootContextLoader
15:16:28.361 [Test worker] DEBUG org.springframework.test.context.support.AbstractContextLoader - Did not detect default resource location for test class [com.springboot.aws.test.domain.posts.PostsRepositoryTest]: class path resource [com/springboot/aws/test/domain/posts/PostsRepositoryTest-context.xml] does not exist
15:16:28.362 [Test worker] DEBUG org.springframework.test.context.support.AbstractContextLoader - Did not detect default resource location for test class [com.springboot.aws.test.domain.posts.PostsRepositoryTest]: class path resource [com/springboot/aws/test/domain/posts/PostsRepositoryTestContext.groovy] does not exist
15:16:28.362 [Test worker] INFO org.springframework.test.context.support.AbstractContextLoader - Could not detect default resource locations for test class [com.springboot.aws.test.domain.posts.PostsRepositoryTest]: no resource found for suffixes {-context.xml, Context.groovy}.
15:16:28.363 [Test worker] INFO org.springframework.test.context.support.AnnotationConfigContextLoaderUtils - Could not detect default configuration classes for test class [com.springboot.aws.test.domain.posts.PostsRepositoryTest]: PostsRepositoryTest does not declare any static, non-private, non-final, nested classes annotated with @Configuration.
15:16:28.411 [Test worker] DEBUG org.springframework.test.context.support.ActiveProfilesUtils - Could not find an 'annotation declaring class' for annotation type [org.springframework.test.context.ActiveProfiles] and class [com.springboot.aws.test.domain.posts.PostsRepositoryTest]
15:16:28.510 [Test worker] DEBUG org.springframework.context.annotation.ClassPathScanningCandidateComponentProvider - Identified candidate component class: file [C:\Users\Administrator\IdeaProjects\test1\build\classes\java\main\com\springboot\aws\test\Application.class]
15:16:28.511 [Test worker] INFO org.springframework.boot.test.context.SpringBootTestContextBootstrapper - Found @SpringBootConfiguration com.springboot.aws.test.Application for test class com.springboot.aws.test.domain.posts.PostsRepositoryTest
15:16:28.666 [Test worker] DEBUG org.springframework.boot.test.context.SpringBootTestContextBootstrapper - @TestExecutionListeners is not present for class [com.springboot.aws.test.domain.posts.PostsRepositoryTest]: using defaults.
15:16:28.667 [Test worker] INFO org.springframework.boot.test.context.SpringBootTestContextBootstrapper - Loaded default TestExecutionListener class names from location [META-INF/spring.factories]: [org.springframework.security.test.context.support.WithSecurityContextTestExecutionListener, org.springframework.security.test.context.support.ReactorContextTestExecutionListener, org.springframework.boot.test.autoconfigure.restdocs.RestDocsTestExecutionListener, org.springframework.boot.test.autoconfigure.web.client.MockRestServiceServerResetTestExecutionListener, org.springframework.boot.test.autoconfigure.web.servlet.MockMvcPrintOnlyOnFailureTestExecutionListener, org.springframework.boot.test.autoconfigure.web.servlet.WebDriverTestExecutionListener, org.springframework.boot.test.mock.mockito.MockitoTestExecutionListener, org.springframework.boot.test.mock.mockito.ResetMocksTestExecutionListener, org.springframework.test.context.web.ServletTestExecutionListener, org.springframework.test.context.support.DirtiesContextBeforeModesTestExecutionListener, org.springframework.test.context.support.DependencyInjectionTestExecutionListener, org.springframework.test.context.support.DirtiesContextTestExecutionListener, org.springframework.test.context.transaction.TransactionalTestExecutionListener, org.springframework.test.context.jdbc.SqlScriptsTestExecutionListener]
15:16:28.697 [Test worker] INFO org.springframework.boot.test.context.SpringBootTestContextBootstrapper - Using TestExecutionListeners: [org.springframework.test.context.web.ServletTestExecutionListener@1aa8bcec, org.springframework.test.context.support.DirtiesContextBeforeModesTestExecutionListener@340a24ff, org.springframework.boot.test.mock.mockito.MockitoTestExecutionListener@3a774d87, org.springframework.boot.test.autoconfigure.SpringBootDependencyInjectionTestExecutionListener@20ef49df, org.springframework.test.context.support.DirtiesContextTestExecutionListener@7f7fcef2, org.springframework.test.context.transaction.TransactionalTestExecutionListener@1ab7303e, org.springframework.test.context.jdbc.SqlScriptsTestExecutionListener@1aac4d9a, org.springframework.security.test.context.support.WithSecurityContextTestExecutionListener@40d74ea1, org.springframework.security.test.context.support.ReactorContextTestExecutionListener@415e1017, org.springframework.boot.test.autoconfigure.restdocs.RestDocsTestExecutionListener@624bfec2, org.springframework.boot.test.autoconfigure.web.client.MockRestServiceServerResetTestExecutionListener@1a73bf8c, org.springframework.boot.test.autoconfigure.web.servlet.MockMvcPrintOnlyOnFailureTestExecutionListener@602b5825, org.springframework.boot.test.autoconfigure.web.servlet.WebDriverTestExecutionListener@51c4329f, org.springframework.boot.test.mock.mockito.ResetMocksTestExecutionListener@6cc47b8b]
15:16:28.701 [Test worker] DEBUG org.springframework.test.annotation.ProfileValueUtils - Retrieved @ProfileValueSourceConfiguration [null] for test class [com.springboot.aws.test.domain.posts.PostsRepositoryTest]
15:16:28.702 [Test worker] DEBUG org.springframework.test.annotation.ProfileValueUtils - Retrieved ProfileValueSource type [class org.springframework.test.annotation.SystemProfileValueSource] for class [com.springboot.aws.test.domain.posts.PostsRepositoryTest]
15:16:28.703 [Test worker] DEBUG org.springframework.test.annotation.ProfileValueUtils - Retrieved @ProfileValueSourceConfiguration [null] for test class [com.springboot.aws.test.domain.posts.PostsRepositoryTest]
15:16:28.703 [Test worker] DEBUG org.springframework.test.annotation.ProfileValueUtils - Retrieved ProfileValueSource type [class org.springframework.test.annotation.SystemProfileValueSource] for class [com.springboot.aws.test.domain.posts.PostsRepositoryTest]
15:16:28.709 [Test worker] DEBUG org.springframework.test.context.support.AbstractDirtiesContextTestExecutionListener - Before test class: context [DefaultTestContext@6b1260ee testClass = PostsRepositoryTest, testInstance = [null], testMethod = [null], testException = [null], mergedContextConfiguration = [WebMergedContextConfiguration@7c4db1a6 testClass = PostsRepositoryTest, locations = '{}', classes = '{class com.springboot.aws.test.Application}', contextInitializerClasses = '[]', activeProfiles = '{}', propertySourceLocations = '{}', propertySourceProperties = '{org.springframework.boot.test.context.SpringBootTestContextBootstrapper=true}', contextCustomizers = set[org.springframework.boot.test.autoconfigure.properties.PropertyMappingContextCustomizer@0, org.springframework.boot.test.autoconfigure.web.servlet.WebDriverContextCustomizerFactory$Customizer@268a2090, org.springframework.boot.test.context.filter.ExcludeFilterContextCustomizer@2df68e98, org.springframework.boot.test.json.DuplicateJsonObjectContextCustomizerFactory$DuplicateJsonObjectContextCustomizer@26568578, org.springframework.boot.test.mock.mockito.MockitoContextCustomizer@0, org.springframework.boot.test.web.client.TestRestTemplateContextCustomizer@65594d97], resourceBasePath = 'src/main/webapp', contextLoader = 'org.springframework.boot.test.context.SpringBootContextLoader', parent = [null]], attributes = map['org.springframework.test.context.web.ServletTestExecutionListener.activateListener' -> true]], class annotated with @DirtiesContext [false] with mode [null].
15:16:28.710 [Test worker] DEBUG org.springframework.test.annotation.ProfileValueUtils - Retrieved @ProfileValueSourceConfiguration [null] for test class [com.springboot.aws.test.domain.posts.PostsRepositoryTest]
15:16:28.710 [Test worker] DEBUG org.springframework.test.annotation.ProfileValueUtils - Retrieved ProfileValueSource type [class org.springframework.test.annotation.SystemProfileValueSource] for class [com.springboot.aws.test.domain.posts.PostsRepositoryTest]
15:16:28.746 [Test worker] DEBUG org.springframework.test.context.support.TestPropertySourceUtils - Adding inlined properties to environment: {spring.jmx.enabled=false, org.springframework.boot.test.context.SpringBootTestContextBootstrapper=true, server.port=-1}

  .   ____          _            __ _ _
 /\\ / ___'_ __ _ _(_)_ __  __ _ \ \ \ \
( ( )\___ | '_ | '_| | '_ \/ _` | \ \ \ \
 \\/  ___)| |_)| | | | | || (_| |  ) ) ) )
  '  |____| .__|_| |_|_| |_\__, | / / / /
 =========|_|==============|___/=/_/_/_/
 :: Spring Boot ::        (v2.1.7.RELEASE)

2020-07-08 15:16:29.087  INFO 11072 --- [    Test worker] c.s.a.t.d.posts.PostsRepositoryTest      : Starting PostsRepositoryTest on JY-20190321ZHKA with PID 11072 (started by Administrator in C:\Users\Administrator\IdeaProjects\test1)
2020-07-08 15:16:29.088  INFO 11072 --- [    Test worker] c.s.a.t.d.posts.PostsRepositoryTest      : No active profile set, falling back to default profiles: default
2020-07-08 15:16:30.431  INFO 11072 --- [    Test worker] .s.d.r.c.RepositoryConfigurationDelegate : Bootstrapping Spring Data repositories in DEFAULT mode.
2020-07-08 15:16:30.545  INFO 11072 --- [    Test worker] .s.d.r.c.RepositoryConfigurationDelegate : Finished Spring Data repository scanning in 101ms. Found 2 repository interfaces.
2020-07-08 15:16:31.426  INFO 11072 --- [    Test worker] trationDelegate$BeanPostProcessorChecker : Bean 'org.springframework.transaction.annotation.ProxyTransactionManagementConfiguration' of type [org.springframework.transaction.annotation.ProxyTransactionManagementConfiguration$$EnhancerBySpringCGLIB$$918e6e2d] is not eligible for getting processed by all BeanPostProcessors (for example: not eligible for auto-proxying)
2020-07-08 15:16:31.927  INFO 11072 --- [    Test worker] com.zaxxer.hikari.HikariDataSource       : HikariPool-1 - Starting...
2020-07-08 15:16:32.187  INFO 11072 --- [    Test worker] com.zaxxer.hikari.HikariDataSource       : HikariPool-1 - Start completed.
2020-07-08 15:16:32.316  INFO 11072 --- [    Test worker] o.hibernate.jpa.internal.util.LogHelper  : HHH000204: Processing PersistenceUnitInfo [
	name: default
	...]
2020-07-08 15:16:32.468  INFO 11072 --- [    Test worker] org.hibernate.Version                    : HHH000412: Hibernate Core {5.3.10.Final}
2020-07-08 15:16:32.470  INFO 11072 --- [    Test worker] org.hibernate.cfg.Environment            : HHH000206: hibernate.properties not found
2020-07-08 15:16:32.788  INFO 11072 --- [    Test worker] o.hibernate.annotations.common.Version   : HCANN000001: Hibernate Commons Annotations {5.0.4.Final}
2020-07-08 15:16:33.044  INFO 11072 --- [    Test worker] org.hibernate.dialect.Dialect            : HHH000400: Using dialect: org.hibernate.dialect.MySQL5InnoDBDialect
Hibernate: drop table if exists posts
Hibernate: drop table if exists user
Hibernate: create table posts (id bigint not null auto_increment, created_date datetime, modified_date datetime, author varchar(255), content TEXT not null, title varchar(500) not null, primary key (id)) engine=InnoDB
Hibernate: create table user (id bigint not null auto_increment, created_date datetime, modified_date datetime, email varchar(255) not null, name varchar(255) not null, picture varchar(255), role varchar(255) not null, primary key (id)) engine=InnoDB
2020-07-08 15:16:34.208  INFO 11072 --- [    Test worker] o.h.t.schema.internal.SchemaCreatorImpl  : HHH000476: Executing import script 'org.hibernate.tool.schema.internal.exec.ScriptSourceInputNonExistentImpl@2f3b54f5'
2020-07-08 15:16:34.213  INFO 11072 --- [    Test worker] j.LocalContainerEntityManagerFactoryBean : Initialized JPA EntityManagerFactory for persistence unit 'default'
2020-07-08 15:16:35.510  INFO 11072 --- [    Test worker] o.h.h.i.QueryTranslatorFactoryInitiator  : HHH000397: Using ASTQueryTranslatorFactory
2020-07-08 15:16:36.606  INFO 11072 --- [    Test worker] o.s.s.web.DefaultSecurityFilterChain     : Creating filter chain: any request, [org.springframework.security.web.context.request.async.WebAsyncManagerIntegrationFilter@4b57bccb, org.springframework.security.web.context.SecurityContextPersistenceFilter@35fcfb1d, org.springframework.security.web.header.HeaderWriterFilter@4641d034, org.springframework.security.web.authentication.logout.LogoutFilter@2b09a5d, org.springframework.security.oauth2.client.web.OAuth2AuthorizationRequestRedirectFilter@5de75e30, org.springframework.security.oauth2.client.web.OAuth2LoginAuthenticationFilter@88b7066, org.springframework.security.web.authentication.ui.DefaultLoginPageGeneratingFilter@3c6b48f3, org.springframework.security.web.authentication.ui.DefaultLogoutPageGeneratingFilter@18e2d562, org.springframework.security.web.savedrequest.RequestCacheAwareFilter@4c27ed23, org.springframework.security.web.servletapi.SecurityContextHolderAwareRequestFilter@2afdcc45, org.springframework.security.web.authentication.AnonymousAuthenticationFilter@4a4b066b, org.springframework.security.web.session.SessionManagementFilter@69e1d927, org.springframework.security.web.access.ExceptionTranslationFilter@7622a0a7, org.springframework.security.web.access.intercept.FilterSecurityInterceptor@dc4ccb7]
2020-07-08 15:16:37.330  INFO 11072 --- [    Test worker] o.s.s.concurrent.ThreadPoolTaskExecutor  : Initializing ExecutorService 'applicationTaskExecutor'
2020-07-08 15:16:37.444  WARN 11072 --- [    Test worker] aWebConfiguration$JpaWebMvcConfiguration : spring.jpa.open-in-view is enabled by default. Therefore, database queries may be performed during view rendering. Explicitly configure spring.jpa.open-in-view to disable this warning
2020-07-08 15:16:37.599  INFO 11072 --- [    Test worker] o.s.b.a.w.s.WelcomePageHandlerMapping    : Adding welcome page template: index
2020-07-08 15:16:38.464  INFO 11072 --- [    Test worker] s.a.ScheduledAnnotationBeanPostProcessor : No TaskScheduler/ScheduledExecutorService bean found for scheduled processing
2020-07-08 15:16:38.476  INFO 11072 --- [    Test worker] c.s.a.t.d.posts.PostsRepositoryTest      : Started PostsRepositoryTest in 9.719 seconds (JVM running for 11.105)
Hibernate: insert into posts (created_date, modified_date, author, content, title) values (?, ?, ?, ?, ?)
Hibernate: select posts0_.id as id1_0_, posts0_.created_date as created_2_0_, posts0_.modified_date as modified3_0_, posts0_.author as author4_0_, posts0_.content as content5_0_, posts0_.title as title6_0_ from posts posts0_
Hibernate: select posts0_.id as id1_0_, posts0_.created_date as created_2_0_, posts0_.modified_date as modified3_0_, posts0_.author as author4_0_, posts0_.content as content5_0_, posts0_.title as title6_0_ from posts posts0_
Hibernate: delete from posts where id=?
Hibernate: insert into posts (created_date, modified_date, author, content, title) values (?, ?, ?, ?, ?)
Hibernate: select posts0_.id as id1_0_, posts0_.created_date as created_2_0_, posts0_.modified_date as modified3_0_, posts0_.author as author4_0_, posts0_.content as content5_0_, posts0_.title as title6_0_ from posts posts0_
>>>>>>>>>>>>>>>>>>>>>>>> createdDate=2020-07-08T15:16:38.915 modi=2020-07-08T15:16:38.915
Hibernate: select posts0_.id as id1_0_, posts0_.created_date as created_2_0_, posts0_.modified_date as modified3_0_, posts0_.author as author4_0_, posts0_.content as content5_0_, posts0_.title as title6_0_ from posts posts0_
Hibernate: delete from posts where id=?
]]></system-out>
  <system-err><![CDATA[]]></system-err>
</testsuite>
