<?xml version="1.0" encoding="UTF-8"?>
<testsuite name="com.springboot.aws.test.web.IndexControllerTest" tests="1" skipped="0" failures="0" errors="0" timestamp="2020-07-08T06:16:43" hostname="JY-20190321ZHKA" time="0.232">
  <properties/>
  <testcase name="메인페이지_로딩" classname="com.springboot.aws.test.web.IndexControllerTest" time="0.232"/>
  <system-out><![CDATA[2020-07-08 15:16:40.369  INFO 11072 --- [    Test worker] .b.t.c.SpringBootTestContextBootstrapper : Neither @ContextConfiguration nor @ContextHierarchy found for test class [com.springboot.aws.test.web.IndexControllerTest], using SpringBootContextLoader
2020-07-08 15:16:40.370  INFO 11072 --- [    Test worker] o.s.t.c.support.AbstractContextLoader    : Could not detect default resource locations for test class [com.springboot.aws.test.web.IndexControllerTest]: no resource found for suffixes {-context.xml, Context.groovy}.
2020-07-08 15:16:40.371  INFO 11072 --- [    Test worker] t.c.s.AnnotationConfigContextLoaderUtils : Could not detect default configuration classes for test class [com.springboot.aws.test.web.IndexControllerTest]: IndexControllerTest does not declare any static, non-private, non-final, nested classes annotated with @Configuration.
2020-07-08 15:16:40.383  INFO 11072 --- [    Test worker] .b.t.c.SpringBootTestContextBootstrapper : Found @SpringBootConfiguration com.springboot.aws.test.Application for test class com.springboot.aws.test.web.IndexControllerTest
2020-07-08 15:16:40.384  INFO 11072 --- [    Test worker] .b.t.c.SpringBootTestContextBootstrapper : Loaded default TestExecutionListener class names from location [META-INF/spring.factories]: [org.springframework.security.test.context.support.WithSecurityContextTestExecutionListener, org.springframework.security.test.context.support.ReactorContextTestExecutionListener, org.springframework.boot.test.autoconfigure.restdocs.RestDocsTestExecutionListener, org.springframework.boot.test.autoconfigure.web.client.MockRestServiceServerResetTestExecutionListener, org.springframework.boot.test.autoconfigure.web.servlet.MockMvcPrintOnlyOnFailureTestExecutionListener, org.springframework.boot.test.autoconfigure.web.servlet.WebDriverTestExecutionListener, org.springframework.boot.test.mock.mockito.MockitoTestExecutionListener, org.springframework.boot.test.mock.mockito.ResetMocksTestExecutionListener, org.springframework.test.context.web.ServletTestExecutionListener, org.springframework.test.context.support.DirtiesContextBeforeModesTestExecutionListener, org.springframework.test.context.support.DependencyInjectionTestExecutionListener, org.springframework.test.context.support.DirtiesContextTestExecutionListener, org.springframework.test.context.transaction.TransactionalTestExecutionListener, org.springframework.test.context.jdbc.SqlScriptsTestExecutionListener]
2020-07-08 15:16:40.386  INFO 11072 --- [    Test worker] .b.t.c.SpringBootTestContextBootstrapper : Using TestExecutionListeners: [org.springframework.test.context.web.ServletTestExecutionListener@3962affb, org.springframework.test.context.support.DirtiesContextBeforeModesTestExecutionListener@c6fd654, org.springframework.boot.test.mock.mockito.MockitoTestExecutionListener@57c4f5a5, org.springframework.boot.test.autoconfigure.SpringBootDependencyInjectionTestExecutionListener@2bf4e91c, org.springframework.test.context.support.DirtiesContextTestExecutionListener@7c596ee, org.springframework.test.context.transaction.TransactionalTestExecutionListener@75ea2d34, org.springframework.test.context.jdbc.SqlScriptsTestExecutionListener@57397f1, org.springframework.security.test.context.support.WithSecurityContextTestExecutionListener@9c3324a, org.springframework.security.test.context.support.ReactorContextTestExecutionListener@221ab77a, org.springframework.boot.test.autoconfigure.restdocs.RestDocsTestExecutionListener@6bdbd80, org.springframework.boot.test.autoconfigure.web.client.MockRestServiceServerResetTestExecutionListener@1f686eb9, org.springframework.boot.test.autoconfigure.web.servlet.MockMvcPrintOnlyOnFailureTestExecutionListener@fa95e7c, org.springframework.boot.test.autoconfigure.web.servlet.WebDriverTestExecutionListener@78ff8994, org.springframework.boot.test.mock.mockito.ResetMocksTestExecutionListener@13456ab6]

  .   ____          _            __ _ _
 /\\ / ___'_ __ _ _(_)_ __  __ _ \ \ \ \
( ( )\___ | '_ | '_| | '_ \/ _` | \ \ \ \
 \\/  ___)| |_)| | | | | || (_| |  ) ) ) )
  '  |____| .__|_| |_|_| |_\__, | / / / /
 =========|_|==============|___/=/_/_/_/
 :: Spring Boot ::        (v2.1.7.RELEASE)

2020-07-08 15:16:40.467  INFO 11072 --- [    Test worker] c.s.aws.test.web.IndexControllerTest     : Starting IndexControllerTest on JY-20190321ZHKA with PID 11072 (started by Administrator in C:\Users\Administrator\IdeaProjects\test1)
2020-07-08 15:16:40.472  INFO 11072 --- [    Test worker] c.s.aws.test.web.IndexControllerTest     : No active profile set, falling back to default profiles: default
2020-07-08 15:16:40.745  INFO 11072 --- [    Test worker] .s.d.r.c.RepositoryConfigurationDelegate : Bootstrapping Spring Data repositories in DEFAULT mode.
2020-07-08 15:16:40.778  INFO 11072 --- [    Test worker] .s.d.r.c.RepositoryConfigurationDelegate : Finished Spring Data repository scanning in 33ms. Found 2 repository interfaces.
2020-07-08 15:16:40.898  INFO 11072 --- [    Test worker] trationDelegate$BeanPostProcessorChecker : Bean 'org.springframework.transaction.annotation.ProxyTransactionManagementConfiguration' of type [org.springframework.transaction.annotation.ProxyTransactionManagementConfiguration$$EnhancerBySpringCGLIB$$918e6e2d] is not eligible for getting processed by all BeanPostProcessors (for example: not eligible for auto-proxying)
2020-07-08 15:16:41.237  INFO 11072 --- [    Test worker] o.s.b.w.embedded.tomcat.TomcatWebServer  : Tomcat initialized with port(s): 0 (http)
2020-07-08 15:16:41.282  INFO 11072 --- [    Test worker] o.apache.catalina.core.StandardService   : Starting service [Tomcat]
2020-07-08 15:16:41.282  INFO 11072 --- [    Test worker] org.apache.catalina.core.StandardEngine  : Starting Servlet engine: [Apache Tomcat/9.0.22]
2020-07-08 15:16:41.501  INFO 11072 --- [    Test worker] o.a.c.c.C.[Tomcat].[localhost].[/]       : Initializing Spring embedded WebApplicationContext
2020-07-08 15:16:41.501  INFO 11072 --- [    Test worker] o.s.web.context.ContextLoader            : Root WebApplicationContext: initialization completed in 1022 ms
2020-07-08 15:16:41.752  INFO 11072 --- [    Test worker] com.zaxxer.hikari.HikariDataSource       : HikariPool-2 - Starting...
2020-07-08 15:16:41.754  INFO 11072 --- [    Test worker] com.zaxxer.hikari.HikariDataSource       : HikariPool-2 - Start completed.
2020-07-08 15:16:41.806  INFO 11072 --- [    Test worker] o.hibernate.jpa.internal.util.LogHelper  : HHH000204: Processing PersistenceUnitInfo [
	name: default
	...]
2020-07-08 15:16:41.821  INFO 11072 --- [    Test worker] org.hibernate.dialect.Dialect            : HHH000400: Using dialect: org.hibernate.dialect.MySQL5InnoDBDialect
Hibernate: drop table if exists posts
Hibernate: drop table if exists user
Hibernate: create table posts (id bigint not null auto_increment, created_date datetime, modified_date datetime, author varchar(255), content TEXT not null, title varchar(500) not null, primary key (id)) engine=InnoDB
Hibernate: create table user (id bigint not null auto_increment, created_date datetime, modified_date datetime, email varchar(255) not null, name varchar(255) not null, picture varchar(255), role varchar(255) not null, primary key (id)) engine=InnoDB
2020-07-08 15:16:41.934  INFO 11072 --- [    Test worker] o.h.t.schema.internal.SchemaCreatorImpl  : HHH000476: Executing import script 'org.hibernate.tool.schema.internal.exec.ScriptSourceInputNonExistentImpl@2f3b54f5'
2020-07-08 15:16:41.935  INFO 11072 --- [    Test worker] j.LocalContainerEntityManagerFactoryBean : Initialized JPA EntityManagerFactory for persistence unit 'default'
2020-07-08 15:16:42.305  INFO 11072 --- [    Test worker] o.h.h.i.QueryTranslatorFactoryInitiator  : HHH000397: Using ASTQueryTranslatorFactory
2020-07-08 15:16:42.480  INFO 11072 --- [    Test worker] o.s.s.web.DefaultSecurityFilterChain     : Creating filter chain: any request, [org.springframework.security.web.context.request.async.WebAsyncManagerIntegrationFilter@1ef7be54, org.springframework.security.web.context.SecurityContextPersistenceFilter@1a759206, org.springframework.security.web.header.HeaderWriterFilter@57d13e07, org.springframework.security.web.authentication.logout.LogoutFilter@3f12cb8f, org.springframework.security.oauth2.client.web.OAuth2AuthorizationRequestRedirectFilter@62e6c751, org.springframework.security.oauth2.client.web.OAuth2LoginAuthenticationFilter@2bee306d, org.springframework.security.web.authentication.ui.DefaultLoginPageGeneratingFilter@9c19d13, org.springframework.security.web.authentication.ui.DefaultLogoutPageGeneratingFilter@3ea905f9, org.springframework.security.web.savedrequest.RequestCacheAwareFilter@550a9408, org.springframework.security.web.servletapi.SecurityContextHolderAwareRequestFilter@b75b9a8, org.springframework.security.web.authentication.AnonymousAuthenticationFilter@6aa19132, org.springframework.security.web.session.SessionManagementFilter@432823c6, org.springframework.security.web.access.ExceptionTranslationFilter@33df8de5, org.springframework.security.web.access.intercept.FilterSecurityInterceptor@5b0f7e25]
2020-07-08 15:16:42.696  INFO 11072 --- [    Test worker] o.s.s.concurrent.ThreadPoolTaskExecutor  : Initializing ExecutorService 'applicationTaskExecutor'
2020-07-08 15:16:42.711  WARN 11072 --- [    Test worker] aWebConfiguration$JpaWebMvcConfiguration : spring.jpa.open-in-view is enabled by default. Therefore, database queries may be performed during view rendering. Explicitly configure spring.jpa.open-in-view to disable this warning
2020-07-08 15:16:42.743  INFO 11072 --- [    Test worker] o.s.b.a.w.s.WelcomePageHandlerMapping    : Adding welcome page template: index
2020-07-08 15:16:43.068  INFO 11072 --- [    Test worker] s.a.ScheduledAnnotationBeanPostProcessor : No TaskScheduler/ScheduledExecutorService bean found for scheduled processing
2020-07-08 15:16:43.092  INFO 11072 --- [    Test worker] o.s.b.w.embedded.tomcat.TomcatWebServer  : Tomcat started on port(s): 13436 (http) with context path ''
2020-07-08 15:16:43.092  INFO 11072 --- [    Test worker] c.s.aws.test.web.IndexControllerTest     : Started IndexControllerTest in 2.691 seconds (JVM running for 15.721)
2020-07-08 15:16:43.206  INFO 11072 --- [o-auto-1-exec-1] o.a.c.c.C.[Tomcat].[localhost].[/]       : Initializing Spring DispatcherServlet 'dispatcherServlet'
2020-07-08 15:16:43.207  INFO 11072 --- [o-auto-1-exec-1] o.s.web.servlet.DispatcherServlet        : Initializing Servlet 'dispatcherServlet'
2020-07-08 15:16:43.233  INFO 11072 --- [o-auto-1-exec-1] o.s.web.servlet.DispatcherServlet        : Completed initialization in 26 ms
Hibernate: select posts0_.id as id1_0_, posts0_.created_date as created_2_0_, posts0_.modified_date as modified3_0_, posts0_.author as author4_0_, posts0_.content as content5_0_, posts0_.title as title6_0_ from posts posts0_ order by posts0_.id desc
]]></system-out>
  <system-err><![CDATA[]]></system-err>
</testsuite>
