<?xml version="1.0" encoding="UTF-8"?>
<testsuite name="com.springboot.aws.test.domain.posts.PostsRepositoryTest" tests="2" skipped="0" failures="0" errors="0" timestamp="2020-07-06T07:46:52" hostname="JY-20190321ZHKA" time="0.133">
  <properties/>
  <testcase name="게시글저장_불러오기" classname="com.springboot.aws.test.domain.posts.PostsRepositoryTest" time="0.121"/>
  <testcase name="BaseTimeEntity_등록" classname="com.springboot.aws.test.domain.posts.PostsRepositoryTest" time="0.01"/>
  <system-out><![CDATA[2020-07-06 16:46:50.310  INFO 3568 --- [    Test worker] .b.t.c.SpringBootTestContextBootstrapper : Neither @ContextConfiguration nor @ContextHierarchy found for test class [com.springboot.aws.test.domain.posts.PostsRepositoryTest], using SpringBootContextLoader
2020-07-06 16:46:50.311  INFO 3568 --- [    Test worker] o.s.t.c.support.AbstractContextLoader    : Could not detect default resource locations for test class [com.springboot.aws.test.domain.posts.PostsRepositoryTest]: no resource found for suffixes {-context.xml, Context.groovy}.
2020-07-06 16:46:50.312  INFO 3568 --- [    Test worker] t.c.s.AnnotationConfigContextLoaderUtils : Could not detect default configuration classes for test class [com.springboot.aws.test.domain.posts.PostsRepositoryTest]: PostsRepositoryTest does not declare any static, non-private, non-final, nested classes annotated with @Configuration.
2020-07-06 16:46:50.330  INFO 3568 --- [    Test worker] .b.t.c.SpringBootTestContextBootstrapper : Found @SpringBootConfiguration com.springboot.aws.test.Application for test class com.springboot.aws.test.domain.posts.PostsRepositoryTest
2020-07-06 16:46:50.333  INFO 3568 --- [    Test worker] .b.t.c.SpringBootTestContextBootstrapper : Loaded default TestExecutionListener class names from location [META-INF/spring.factories]: [org.springframework.security.test.context.support.WithSecurityContextTestExecutionListener, org.springframework.security.test.context.support.ReactorContextTestExecutionListener, org.springframework.boot.test.autoconfigure.restdocs.RestDocsTestExecutionListener, org.springframework.boot.test.autoconfigure.web.client.MockRestServiceServerResetTestExecutionListener, org.springframework.boot.test.autoconfigure.web.servlet.MockMvcPrintOnlyOnFailureTestExecutionListener, org.springframework.boot.test.autoconfigure.web.servlet.WebDriverTestExecutionListener, org.springframework.boot.test.mock.mockito.MockitoTestExecutionListener, org.springframework.boot.test.mock.mockito.ResetMocksTestExecutionListener, org.springframework.test.context.web.ServletTestExecutionListener, org.springframework.test.context.support.DirtiesContextBeforeModesTestExecutionListener, org.springframework.test.context.support.DependencyInjectionTestExecutionListener, org.springframework.test.context.support.DirtiesContextTestExecutionListener, org.springframework.test.context.transaction.TransactionalTestExecutionListener, org.springframework.test.context.jdbc.SqlScriptsTestExecutionListener]
2020-07-06 16:46:50.334  INFO 3568 --- [    Test worker] .b.t.c.SpringBootTestContextBootstrapper : Using TestExecutionListeners: [org.springframework.test.context.web.ServletTestExecutionListener@3f34e1fb, org.springframework.test.context.support.DirtiesContextBeforeModesTestExecutionListener@55b7938, org.springframework.boot.test.mock.mockito.MockitoTestExecutionListener@420f6a1b, org.springframework.boot.test.autoconfigure.SpringBootDependencyInjectionTestExecutionListener@69f4f9da, org.springframework.test.context.support.DirtiesContextTestExecutionListener@71d7f626, org.springframework.test.context.transaction.TransactionalTestExecutionListener@2f9bd39d, org.springframework.test.context.jdbc.SqlScriptsTestExecutionListener@16fd2bc7, org.springframework.security.test.context.support.WithSecurityContextTestExecutionListener@58092aeb, org.springframework.security.test.context.support.ReactorContextTestExecutionListener@16a1810a, org.springframework.boot.test.autoconfigure.restdocs.RestDocsTestExecutionListener@67d7af78, org.springframework.boot.test.autoconfigure.web.client.MockRestServiceServerResetTestExecutionListener@180b0356, org.springframework.boot.test.autoconfigure.web.servlet.MockMvcPrintOnlyOnFailureTestExecutionListener@9443cce, org.springframework.boot.test.autoconfigure.web.servlet.WebDriverTestExecutionListener@1377553d, org.springframework.boot.test.mock.mockito.ResetMocksTestExecutionListener@49819444]

  .   ____          _            __ _ _
 /\\ / ___'_ __ _ _(_)_ __  __ _ \ \ \ \
( ( )\___ | '_ | '_| | '_ \/ _` | \ \ \ \
 \\/  ___)| |_)| | | | | || (_| |  ) ) ) )
  '  |____| .__|_| |_|_| |_\__, | / / / /
 =========|_|==============|___/=/_/_/_/
 :: Spring Boot ::        (v2.1.7.RELEASE)

2020-07-06 16:46:50.368  INFO 3568 --- [    Test worker] c.s.a.t.d.posts.PostsRepositoryTest      : Starting PostsRepositoryTest on JY-20190321ZHKA with PID 3568 (started by Administrator in C:\Users\Administrator\IdeaProjects\test1)
2020-07-06 16:46:50.369  INFO 3568 --- [    Test worker] c.s.a.t.d.posts.PostsRepositoryTest      : No active profile set, falling back to default profiles: default
2020-07-06 16:46:50.629  INFO 3568 --- [    Test worker] .s.d.r.c.RepositoryConfigurationDelegate : Bootstrapping Spring Data repositories in DEFAULT mode.
2020-07-06 16:46:50.661  INFO 3568 --- [    Test worker] .s.d.r.c.RepositoryConfigurationDelegate : Finished Spring Data repository scanning in 30ms. Found 2 repository interfaces.
2020-07-06 16:46:50.771  INFO 3568 --- [    Test worker] trationDelegate$BeanPostProcessorChecker : Bean 'org.springframework.transaction.annotation.ProxyTransactionManagementConfiguration' of type [org.springframework.transaction.annotation.ProxyTransactionManagementConfiguration$$EnhancerBySpringCGLIB$$4e0c465e] is not eligible for getting processed by all BeanPostProcessors (for example: not eligible for auto-proxying)
2020-07-06 16:46:50.880  INFO 3568 --- [    Test worker] com.zaxxer.hikari.HikariDataSource       : HikariPool-2 - Starting...
2020-07-06 16:46:50.881  INFO 3568 --- [    Test worker] com.zaxxer.hikari.HikariDataSource       : HikariPool-2 - Start completed.
2020-07-06 16:46:50.913  INFO 3568 --- [    Test worker] o.hibernate.jpa.internal.util.LogHelper  : HHH000204: Processing PersistenceUnitInfo [
	name: default
	...]
2020-07-06 16:46:50.924  INFO 3568 --- [    Test worker] org.hibernate.dialect.Dialect            : HHH000400: Using dialect: org.hibernate.dialect.MySQL5InnoDBDialect
Hibernate: drop table if exists posts
Hibernate: drop table if exists user
Hibernate: create table posts (id bigint not null auto_increment, created_date datetime, modified_date datetime, author varchar(255), content TEXT not null, title varchar(500) not null, primary key (id)) engine=InnoDB
Hibernate: create table user (id bigint not null auto_increment, created_date datetime, modified_date datetime, email varchar(255) not null, name varchar(255) not null, picture varchar(255), role varchar(255) not null, primary key (id)) engine=InnoDB
2020-07-06 16:46:50.969  INFO 3568 --- [    Test worker] o.h.t.schema.internal.SchemaCreatorImpl  : HHH000476: Executing import script 'org.hibernate.tool.schema.internal.exec.ScriptSourceInputNonExistentImpl@1fd9f862'
2020-07-06 16:46:50.970  INFO 3568 --- [    Test worker] j.LocalContainerEntityManagerFactoryBean : Initialized JPA EntityManagerFactory for persistence unit 'default'
2020-07-06 16:46:51.173  INFO 3568 --- [    Test worker] o.h.h.i.QueryTranslatorFactoryInitiator  : HHH000397: Using ASTQueryTranslatorFactory
2020-07-06 16:46:51.331  INFO 3568 --- [    Test worker] o.s.s.web.DefaultSecurityFilterChain     : Creating filter chain: any request, [org.springframework.security.web.context.request.async.WebAsyncManagerIntegrationFilter@49e15b47, org.springframework.security.web.context.SecurityContextPersistenceFilter@654a90af, org.springframework.security.web.header.HeaderWriterFilter@6cd73dcf, org.springframework.security.web.authentication.logout.LogoutFilter@bee9b97, org.springframework.security.oauth2.client.web.OAuth2AuthorizationRequestRedirectFilter@2bb416e4, org.springframework.security.oauth2.client.web.OAuth2LoginAuthenticationFilter@17f24055, org.springframework.security.web.authentication.ui.DefaultLoginPageGeneratingFilter@3a90ab82, org.springframework.security.web.authentication.ui.DefaultLogoutPageGeneratingFilter@675c3528, org.springframework.security.web.savedrequest.RequestCacheAwareFilter@661a83e9, org.springframework.security.web.servletapi.SecurityContextHolderAwareRequestFilter@3376f3a0, org.springframework.security.web.authentication.AnonymousAuthenticationFilter@6cd40c11, org.springframework.security.web.session.SessionManagementFilter@2fa4d97d, org.springframework.security.web.access.ExceptionTranslationFilter@11f24433, org.springframework.security.web.access.intercept.FilterSecurityInterceptor@38f2dc37]
2020-07-06 16:46:51.618  INFO 3568 --- [    Test worker] o.s.s.concurrent.ThreadPoolTaskExecutor  : Initializing ExecutorService 'applicationTaskExecutor'
2020-07-06 16:46:51.632  WARN 3568 --- [    Test worker] aWebConfiguration$JpaWebMvcConfiguration : spring.jpa.open-in-view is enabled by default. Therefore, database queries may be performed during view rendering. Explicitly configure spring.jpa.open-in-view to disable this warning
2020-07-06 16:46:51.659  INFO 3568 --- [    Test worker] o.s.b.a.w.s.WelcomePageHandlerMapping    : Adding welcome page template: index
2020-07-06 16:46:52.055  INFO 3568 --- [    Test worker] s.a.ScheduledAnnotationBeanPostProcessor : No TaskScheduler/ScheduledExecutorService bean found for scheduled processing
2020-07-06 16:46:52.056  INFO 3568 --- [    Test worker] c.s.a.t.d.posts.PostsRepositoryTest      : Started PostsRepositoryTest in 1.719 seconds (JVM running for 11.58)
Hibernate: insert into posts (created_date, modified_date, author, content, title) values (?, ?, ?, ?, ?)
Hibernate: select posts0_.id as id1_0_, posts0_.created_date as created_2_0_, posts0_.modified_date as modified3_0_, posts0_.author as author4_0_, posts0_.content as content5_0_, posts0_.title as title6_0_ from posts posts0_
Hibernate: select posts0_.id as id1_0_, posts0_.created_date as created_2_0_, posts0_.modified_date as modified3_0_, posts0_.author as author4_0_, posts0_.content as content5_0_, posts0_.title as title6_0_ from posts posts0_
Hibernate: delete from posts where id=?
Hibernate: insert into posts (created_date, modified_date, author, content, title) values (?, ?, ?, ?, ?)
Hibernate: select posts0_.id as id1_0_, posts0_.created_date as created_2_0_, posts0_.modified_date as modified3_0_, posts0_.author as author4_0_, posts0_.content as content5_0_, posts0_.title as title6_0_ from posts posts0_
>>>>>>>>>>>>>>>>>>>>>>>> createdDate=2020-07-06T16:46:52.186 modi=2020-07-06T16:46:52.186
Hibernate: select posts0_.id as id1_0_, posts0_.created_date as created_2_0_, posts0_.modified_date as modified3_0_, posts0_.author as author4_0_, posts0_.content as content5_0_, posts0_.title as title6_0_ from posts posts0_
Hibernate: delete from posts where id=?
]]></system-out>
  <system-err><![CDATA[]]></system-err>
</testsuite>
